0 info it worked if it ends with ok
1 verbose cli [ '/usr/bin/node', '/usr/bin/npm', 'run', 'asbuild' ]
2 info using npm@3.5.2
3 info using node@v8.10.0
4 verbose run-script [ 'preasbuild', 'asbuild', 'postasbuild' ]
5 info lifecycle @~preasbuild: @
6 silly lifecycle @~preasbuild: no script for preasbuild, continuing
7 info lifecycle @~asbuild: @
8 verbose lifecycle @~asbuild: unsafe-perm in lifecycle true
9 verbose lifecycle @~asbuild: PATH: /usr/share/npm/bin/node-gyp-bin:/home/thunderseethe/procedural_lithification/mods/as_sys/node_modules/.bin:/home/thunderseethe/.vscode-server/bin/2b9aebd5354a3629c3aba0a5f5df49f43d6689f8/bin:/home/thunderseethe/.local/bin:/home/thunderseethe/.cargo/bin:/usr/local/sbin:/usr/local/bin:/usr/sbin:/usr/bin:/sbin:/bin:/usr/games:/usr/local/games:/mnt/c/Program Files/AdoptOpenJDK/jdk-8.0.282.8-hotspot/bin:/mnt/c/Program Files/Common Files/Oracle/Java/javapath:/mnt/c/Program Files (x86)/Common Files/Oracle/Java/javapath:/mnt/c/Program Files (x86)/Razer Chroma SDK/bin:/mnt/c/Program Files/Razer Chroma SDK/bin:/mnt/c/ProgramData/Oracle/Java/javapath:/mnt/c/Windows/system32:/mnt/c/Windows:/mnt/c/Windows/System32/Wbem:/mnt/c/Windows/System32/WindowsPowerShell/v1.0/:/mnt/c/Program Files (x86)/NVIDIA Corporation/PhysX/Common:/mnt/c/WINDOWS/system32/config/systemprofile/.dnx/bin:/mnt/c/Program Files/Microsoft DNX/Dnvm/:/mnt/c/WINDOWS/system32/config/systemprofile/AppData/Local/Microsoft/WindowsApps:/mnt/c/WINDOWS/System32/OpenSSH/:/mnt/c/Program Files/Microsoft VS Code/bin:/mnt/c/WINDOWS/system32:/mnt/c/WINDOWS:/mnt/c/WINDOWS/System32/Wbem:/mnt/c/WINDOWS/System32/WindowsPowerShell/v1.0/:/mnt/c/Program Files (x86)/Kensington/TrackballWorks:/mnt/c/Program Files/nodejs/:/mnt/c/WINDOWS/system32:/mnt/c/WINDOWS:/mnt/c/WINDOWS/System32/Wbem:/mnt/c/WINDOWS/System32/WindowsPowerShell/v1.0/:/mnt/c/WINDOWS/System32/OpenSSH/:/mnt/c/Program Files/Git/cmd:/mnt/c/Program Files/NVIDIA Corporation/NVIDIA NvDLISR:/mnt/c/Users/thunderseethe/AppData/Local/Programs/Python/Python38-32/Scripts/:/mnt/c/Users/thunderseethe/AppData/Local/Programs/Python/Python38-32/:/mnt/c/Users/thunderseethe/AppData/Local/Programs/Python/Python37-32/Scripts/:/mnt/c/Users/thunderseethe/AppData/Local/Programs/Python/Python37-32/:/mnt/g/msys64/mingw64/bin:/mnt/g/msys64/usr/bin:/mnt/c/Users/thunderseethe/.cargo/bin:/mnt/c/Users/thunderseethe/AppData/Roaming/local/bin:/mnt/c/Program Files (x86)/CMake/bin:/mnt/c/Program Files/Java/jdk-14/bin:/mnt/c/Users/thunderseethe/AppData/Local/Microsoft/WindowsApps:/mnt/c/Users/thunderseethe/AppData/Roaming/npm:/mnt/c/Users/thunderseethe/CMakeBuilds/c0fbf33b-828e-5530-9261-141651947e44/install/x64-Release/bin:/snap/bin:/home/thunderseethe/wabt/bin
10 verbose lifecycle @~asbuild: CWD: /home/thunderseethe/procedural_lithification/mods/as_sys
11 silly lifecycle @~asbuild: Args: [ '-c',
11 silly lifecycle   'npm run asbuild:untouched && npm run asbuild:optimized' ]
12 silly lifecycle @~asbuild: Returned: code: 1  signal: null
13 info lifecycle @~asbuild: Failed to exec asbuild script
14 verbose stack Error: @ asbuild: `npm run asbuild:untouched && npm run asbuild:optimized`
14 verbose stack Exit status 1
14 verbose stack     at EventEmitter.<anonymous> (/usr/share/npm/lib/utils/lifecycle.js:232:16)
14 verbose stack     at emitTwo (events.js:126:13)
14 verbose stack     at EventEmitter.emit (events.js:214:7)
14 verbose stack     at ChildProcess.<anonymous> (/usr/share/npm/lib/utils/spawn.js:24:14)
14 verbose stack     at emitTwo (events.js:126:13)
14 verbose stack     at ChildProcess.emit (events.js:214:7)
14 verbose stack     at maybeClose (internal/child_process.js:925:16)
14 verbose stack     at Process.ChildProcess._handle.onexit (internal/child_process.js:209:5)
15 verbose pkgid @
16 verbose cwd /home/thunderseethe/procedural_lithification/mods/as_sys
17 error Linux 5.4.72-microsoft-standard-WSL2
18 error argv "/usr/bin/node" "/usr/bin/npm" "run" "asbuild"
19 error node v8.10.0
20 error npm  v3.5.2
21 error code ELIFECYCLE
22 error @ asbuild: `npm run asbuild:untouched && npm run asbuild:optimized`
22 error Exit status 1
23 error Failed at the @ asbuild script 'npm run asbuild:untouched && npm run asbuild:optimized'.
23 error Make sure you have the latest version of node.js and npm installed.
23 error If you do, this is most likely a problem with the  package,
23 error not with npm itself.
23 error Tell the author that this fails on your system:
23 error     npm run asbuild:untouched && npm run asbuild:optimized
23 error You can get information on how to open an issue for this project with:
23 error     npm bugs
23 error Or if that isn't available, you can get their info via:
23 error     npm owner ls
23 error There is likely additional logging output above.
24 verbose exit [ 1, true ]
